FinalProject/app/build/intermediates/manifest_merge_blame_file/debug/manifest-merger-blame-debug-report.txt
1<?xml version="1.0" encoding="utf-8"?>
2<manifest xmlns:android="http://schemas.android.com/apk/res/android"
3    package="csci81.demo.finalproject"
4    android:versionCode="1"
5    android:versionName="1.0" >
6
7    <uses-sdk
8        android:minSdkVersion="16"
8-->src\main\AndroidManifest.xml
9        android:targetSdkVersion="31" />
9-->src\main\AndroidManifest.xml
10
11    <application
11-->src\main\AndroidManifest.xml:5:5-41:19
12        android:name="csci81.demo.finalproject.RealmApp"
12-->src\main\AndroidManifest.xml:6:9-33
13        android:allowBackup="true"
13-->src\main\AndroidManifest.xml:7:9-35
14        android:appComponentFactory="androidx.core.app.CoreComponentFactory"
14-->[androidx.core:core:1.5.0] AndroidManifest.xml:24:18-86
15        android:debuggable="true"
16        android:icon="@mipmap/ic_launcher"
16-->src\main\AndroidManifest.xml:8:9-43
17        android:label="@string/app_name"
17-->src\main\AndroidManifest.xml:9:9-41
18        android:roundIcon="@mipmap/ic_launcher_round"
18-->src\main\AndroidManifest.xml:10:9-54
19        android:supportsRtl="true"
19-->src\main\AndroidManifest.xml:11:9-35
20        android:theme="@style/Theme.FinalProject" >
20-->src\main\AndroidManifest.xml:12:9-50
21        <activity
21-->src\main\AndroidManifest.xml:13:9-15:40
22            android:name="csci81.demo.finalproject.ResultsPage_"
22-->src\main\AndroidManifest.xml:14:13-41
23            android:exported="false" />
23-->src\main\AndroidManifest.xml:15:13-37
24        <activity
24-->src\main\AndroidManifest.xml:16:9-19:54
25            android:name="csci81.demo.finalproject.HomePage_"
25-->src\main\AndroidManifest.xml:17:13-38
26            android:exported="false"
26-->src\main\AndroidManifest.xml:18:13-37
27            android:windowSoftInputMode="adjustPan" />
27-->src\main\AndroidManifest.xml:19:13-52
28        <activity
28-->src\main\AndroidManifest.xml:20:9-22:39
29            android:name="csci81.demo.finalproject.ChangePassword_"
29-->src\main\AndroidManifest.xml:21:13-44
30            android:exported="true" />
30-->src\main\AndroidManifest.xml:22:13-36
31        <activity
31-->src\main\AndroidManifest.xml:23:9-25:39
32            android:name="csci81.demo.finalproject.AccountPage_"
32-->src\main\AndroidManifest.xml:24:13-41
33            android:exported="true" />
33-->src\main\AndroidManifest.xml:25:13-36
34        <activity
34-->src\main\AndroidManifest.xml:26:9-28:40
35            android:name="csci81.demo.finalproject.RegisterPage_"
35-->src\main\AndroidManifest.xml:27:13-42
36            android:exported="false" />
36-->src\main\AndroidManifest.xml:28:13-37
37        <activity
37-->src\main\AndroidManifest.xml:29:9-31:40
38            android:name="csci81.demo.finalproject.ManageTransactionsActivity_"
38-->src\main\AndroidManifest.xml:30:13-56
39            android:exported="false" />
39-->src\main\AndroidManifest.xml:31:13-37
40        <activity
40-->src\main\AndroidManifest.xml:32:9-40:20
41            android:name="csci81.demo.finalproject.LoginPage_"
41-->src\main\AndroidManifest.xml:33:13-39
42            android:exported="true" >
42-->src\main\AndroidManifest.xml:34:13-36
43            <intent-filter>
43-->src\main\AndroidManifest.xml:35:13-39:29
44                <action android:name="android.intent.action.MAIN" />
44-->src\main\AndroidManifest.xml:36:17-69
44-->src\main\AndroidManifest.xml:36:25-66
45
46                <category android:name="android.intent.category.LAUNCHER" />
46-->src\main\AndroidManifest.xml:38:17-77
46-->src\main\AndroidManifest.xml:38:27-74
47            </intent-filter>
48        </activity>
49    </application>
50
51</manifest>